Analysis & Synthesis report for RGB
Tue Oct 08 18:04:01 2019
Quartus Prime Version 18.1.0 Build 625 09/12/2018 SJ Lite Edition


---------------------
; Table of Contents ;
---------------------
  1. Legal Notice
  2. Analysis & Synthesis Summary
  3. Analysis & Synthesis Settings
  4. Parallel Compilation
  5. Analysis & Synthesis Source Files Read
  6. Analysis & Synthesis Resource Usage Summary
  7. Analysis & Synthesis Resource Utilization by Entity
  8. Registers Removed During Synthesis
  9. General Register Statistics
 10. Multiplexer Restructuring Statistics (Restructuring Performed)
 11. Parameter Settings for User Entity Instance: Top-level Entity: |IMAGE_SENSOR_SIM
 12. Parameter Settings for User Entity Instance: count_n_modul:div_clk_q
 13. Parameter Settings for User Entity Instance: count_n_modul:cnt_pix_IS
 14. Parameter Settings for User Entity Instance: count_n_modul:cnt_str
 15. Parameter Settings for User Entity Instance: count_n_modul:div_CLK_fast_q
 16. Parameter Settings for User Entity Instance: Working_with_Memory:Write_from_file
 17. Parameter Settings for User Entity Instance: Working_with_Memory:Write_from_file|count_n_modul:Count_mem_read
 18. Parameter Settings for User Entity Instance: Working_with_Memory:Write_from_file|count_n_modul:Count_mem_write
 19. Parameter Settings for User Entity Instance: Write_to_file:Writing_in_file
 20. Port Connectivity Checks: "Working_with_Memory:Write_from_file|count_n_modul:Count_mem_write"
 21. Port Connectivity Checks: "Working_with_Memory:Write_from_file|count_n_modul:Count_mem_read"
 22. Port Connectivity Checks: "count_n_modul:div_CLK_fast_q"
 23. Port Connectivity Checks: "count_n_modul:cnt_str"
 24. Port Connectivity Checks: "count_n_modul:div_clk_q"
 25. Post-Synthesis Netlist Statistics for Top Partition
 26. Elapsed Time Per Partition
 27. Analysis & Synthesis Messages



----------------
; Legal Notice ;
----------------
Copyright (C) 2018  Intel Corporation. All rights reserved.
Your use of Intel Corporation's design tools, logic functions 
and other software and tools, and its AMPP partner logic 
functions, and any output files from any of the foregoing 
(including device programming or simulation files), and any 
associated documentation or information are expressly subject 
to the terms and conditions of the Intel Program License 
Subscription Agreement, the Intel Quartus Prime License Agreement,
the Intel FPGA IP License Agreement, or other applicable license
agreement, including, without limitation, that your use is for
the sole purpose of programming logic devices manufactured by
Intel and sold by Intel or its authorized distributors.  Please
refer to the applicable agreement for further details.



+-------------------------------------------------------------------------------+
; Analysis & Synthesis Summary                                                  ;
+---------------------------------+---------------------------------------------+
; Analysis & Synthesis Status     ; Successful - Tue Oct 08 18:04:01 2019       ;
; Quartus Prime Version           ; 18.1.0 Build 625 09/12/2018 SJ Lite Edition ;
; Revision Name                   ; RGB                                         ;
; Top-level Entity Name           ; IMAGE_SENSOR_SIM                            ;
; Family                          ; Cyclone V                                   ;
; Logic utilization (in ALMs)     ; N/A                                         ;
; Total registers                 ; 104                                         ;
; Total pins                      ; 134                                         ;
; Total virtual pins              ; 0                                           ;
; Total block memory bits         ; 0                                           ;
; Total DSP Blocks                ; 0                                           ;
; Total HSSI RX PCSs              ; 0                                           ;
; Total HSSI PMA RX Deserializers ; 0                                           ;
; Total HSSI TX PCSs              ; 0                                           ;
; Total HSSI PMA TX Serializers   ; 0                                           ;
; Total PLLs                      ; 0                                           ;
; Total DLLs                      ; 0                                           ;
+---------------------------------+---------------------------------------------+


+---------------------------------------------------------------------------------------------------------------------------+
; Analysis & Synthesis Settings                                                                                             ;
+---------------------------------------------------------------------------------+--------------------+--------------------+
; Option                                                                          ; Setting            ; Default Value      ;
+---------------------------------------------------------------------------------+--------------------+--------------------+
; Device                                                                          ; 5CGXFC7C7F23C8     ;                    ;
; Top-level entity name                                                           ; IMAGE_SENSOR_SIM   ; RGB                ;
; Family name                                                                     ; Cyclone V          ; Cyclone V          ;
; Use smart compilation                                                           ; Off                ; Off                ;
; Enable parallel Assembler and Timing Analyzer during compilation                ; On                 ; On                 ;
; Enable compact report table                                                     ; Off                ; Off                ;
; Restructure Multiplexers                                                        ; Auto               ; Auto               ;
; MLAB Add Timing Constraints For Mixed-Port Feed-Through Mode Setting Don't Care ; Off                ; Off                ;
; Create Debugging Nodes for IP Cores                                             ; Off                ; Off                ;
; Preserve fewer node names                                                       ; On                 ; On                 ;
; Intel FPGA IP Evaluation Mode                                                   ; Enable             ; Enable             ;
; Verilog Version                                                                 ; Verilog_2001       ; Verilog_2001       ;
; VHDL Version                                                                    ; VHDL_1993          ; VHDL_1993          ;
; State Machine Processing                                                        ; Auto               ; Auto               ;
; Safe State Machine                                                              ; Off                ; Off                ;
; Extract Verilog State Machines                                                  ; On                 ; On                 ;
; Extract VHDL State Machines                                                     ; On                 ; On                 ;
; Ignore Verilog initial constructs                                               ; Off                ; Off                ;
; Iteration limit for constant Verilog loops                                      ; 5000               ; 5000               ;
; Iteration limit for non-constant Verilog loops                                  ; 250                ; 250                ;
; Add Pass-Through Logic to Inferred RAMs                                         ; On                 ; On                 ;
; Infer RAMs from Raw Logic                                                       ; On                 ; On                 ;
; Parallel Synthesis                                                              ; On                 ; On                 ;
; DSP Block Balancing                                                             ; Auto               ; Auto               ;
; NOT Gate Push-Back                                                              ; On                 ; On                 ;
; Power-Up Don't Care                                                             ; On                 ; On                 ;
; Remove Redundant Logic Cells                                                    ; Off                ; Off                ;
; Remove Duplicate Registers                                                      ; On                 ; On                 ;
; Ignore CARRY Buffers                                                            ; Off                ; Off                ;
; Ignore CASCADE Buffers                                                          ; Off                ; Off                ;
; Ignore GLOBAL Buffers                                                           ; Off                ; Off                ;
; Ignore ROW GLOBAL Buffers                                                       ; Off                ; Off                ;
; Ignore LCELL Buffers                                                            ; Off                ; Off                ;
; Ignore SOFT Buffers                                                             ; On                 ; On                 ;
; Limit AHDL Integers to 32 Bits                                                  ; Off                ; Off                ;
; Optimization Technique                                                          ; Balanced           ; Balanced           ;
; Carry Chain Length                                                              ; 70                 ; 70                 ;
; Auto Carry Chains                                                               ; On                 ; On                 ;
; Auto Open-Drain Pins                                                            ; On                 ; On                 ;
; Perform WYSIWYG Primitive Resynthesis                                           ; Off                ; Off                ;
; Auto ROM Replacement                                                            ; On                 ; On                 ;
; Auto RAM Replacement                                                            ; On                 ; On                 ;
; Auto DSP Block Replacement                                                      ; On                 ; On                 ;
; Auto Shift Register Replacement                                                 ; Auto               ; Auto               ;
; Allow Shift Register Merging across Hierarchies                                 ; Auto               ; Auto               ;
; Auto Clock Enable Replacement                                                   ; On                 ; On                 ;
; Strict RAM Replacement                                                          ; Off                ; Off                ;
; Allow Synchronous Control Signals                                               ; On                 ; On                 ;
; Force Use of Synchronous Clear Signals                                          ; Off                ; Off                ;
; Auto Resource Sharing                                                           ; Off                ; Off                ;
; Allow Any RAM Size For Recognition                                              ; Off                ; Off                ;
; Allow Any ROM Size For Recognition                                              ; Off                ; Off                ;
; Allow Any Shift Register Size For Recognition                                   ; Off                ; Off                ;
; Use LogicLock Constraints during Resource Balancing                             ; On                 ; On                 ;
; Ignore translate_off and synthesis_off directives                               ; Off                ; Off                ;
; Timing-Driven Synthesis                                                         ; On                 ; On                 ;
; Report Parameter Settings                                                       ; On                 ; On                 ;
; Report Source Assignments                                                       ; On                 ; On                 ;
; Report Connectivity Checks                                                      ; On                 ; On                 ;
; Ignore Maximum Fan-Out Assignments                                              ; Off                ; Off                ;
; Synchronization Register Chain Length                                           ; 3                  ; 3                  ;
; Power Optimization During Synthesis                                             ; Normal compilation ; Normal compilation ;
; HDL message level                                                               ; Level2             ; Level2             ;
; Suppress Register Optimization Related Messages                                 ; Off                ; Off                ;
; Number of Removed Registers Reported in Synthesis Report                        ; 5000               ; 5000               ;
; Number of Swept Nodes Reported in Synthesis Report                              ; 5000               ; 5000               ;
; Number of Inverted Registers Reported in Synthesis Report                       ; 100                ; 100                ;
; Clock MUX Protection                                                            ; On                 ; On                 ;
; Auto Gated Clock Conversion                                                     ; Off                ; Off                ;
; Block Design Naming                                                             ; Auto               ; Auto               ;
; SDC constraint protection                                                       ; Off                ; Off                ;
; Synthesis Effort                                                                ; Auto               ; Auto               ;
; Shift Register Replacement - Allow Asynchronous Clear Signal                    ; On                 ; On                 ;
; Pre-Mapping Resynthesis Optimization                                            ; Off                ; Off                ;
; Analysis & Synthesis Message Level                                              ; Medium             ; Medium             ;
; Disable Register Merging Across Hierarchies                                     ; Auto               ; Auto               ;
; Resource Aware Inference For Block RAM                                          ; On                 ; On                 ;
; Automatic Parallel Synthesis                                                    ; On                 ; On                 ;
; Partial Reconfiguration Bitstream ID                                            ; Off                ; Off                ;
+---------------------------------------------------------------------------------+--------------------+--------------------+


+------------------------------------------+
; Parallel Compilation                     ;
+----------------------------+-------------+
; Processors                 ; Number      ;
+----------------------------+-------------+
; Number detected on machine ; 4           ;
; Maximum allowed            ; 2           ;
;                            ;             ;
; Average used               ; 1.00        ;
; Maximum used               ; 2           ;
;                            ;             ;
; Usage by Processor         ; % Time Used ;
;     Processor 1            ; 100.0%      ;
;     Processor 2            ;   0.0%      ;
+----------------------------+-------------+


+-----------------------------------------------------------------------------------------------------------------------------------------------------+
; Analysis & Synthesis Source Files Read                                                                                                              ;
+----------------------------------+-----------------+-----------------+--------------------------------------------------------------------+---------+
; File Name with User-Entered Path ; Used in Netlist ; File Type       ; File Name with Absolute Path                                       ; Library ;
+----------------------------------+-----------------+-----------------+--------------------------------------------------------------------+---------+
; WRITE_TO_FILE.vhd                ; yes             ; User VHDL File  ; C:/Users/Ruslan/Desktop/08.10.19/RGB(TEST)/WRITE_TO_FILE.vhd       ;         ;
; Working_with_memory.vhd          ; yes             ; User VHDL File  ; C:/Users/Ruslan/Desktop/08.10.19/RGB(TEST)/Working_with_memory.vhd ;         ;
; IMAGE_SENSOR_SIM .vhd            ; yes             ; User VHDL File  ; C:/Users/Ruslan/Desktop/08.10.19/RGB(TEST)/IMAGE_SENSOR_SIM .vhd   ;         ;
; count_n_modul.vhd                ; yes             ; User VHDL File  ; C:/Users/Ruslan/Desktop/08.10.19/RGB(TEST)/count_n_modul.vhd       ;         ;
+----------------------------------+-----------------+-----------------+--------------------------------------------------------------------+---------+


+---------------------------------------------------------+
; Analysis & Synthesis Resource Usage Summary             ;
+---------------------------------------------+-----------+
; Resource                                    ; Usage     ;
+---------------------------------------------+-----------+
; Estimate of Logic utilization (ALMs needed) ; 107       ;
;                                             ;           ;
; Combinational ALUT usage for logic          ; 161       ;
;     -- 7 input functions                    ; 0         ;
;     -- 6 input functions                    ; 47        ;
;     -- 5 input functions                    ; 7         ;
;     -- 4 input functions                    ; 11        ;
;     -- <=3 input functions                  ; 96        ;
;                                             ;           ;
; Dedicated logic registers                   ; 104       ;
;                                             ;           ;
; I/O pins                                    ; 134       ;
;                                             ;           ;
; Total DSP Blocks                            ; 0         ;
;                                             ;           ;
; Maximum fan-out node                        ; CLK~input ;
; Maximum fan-out                             ; 104       ;
; Total fan-out                               ; 1006      ;
; Average fan-out                             ; 1.89      ;
+---------------------------------------------+-----------+


+-----------------------------------------------------------------------------------------------------------------------------------------------------------------------------------------------------------------------+
; Analysis & Synthesis Resource Utilization by Entity                                                                                                                                                                   ;
+-------------------------------+---------------------+---------------------------+-------------------+------------+------+--------------+--------------------------------------------+------------------+--------------+
; Compilation Hierarchy Node    ; Combinational ALUTs ; Dedicated Logic Registers ; Block Memory Bits ; DSP Blocks ; Pins ; Virtual Pins ; Full Hierarchy Name                        ; Entity Name      ; Library Name ;
+-------------------------------+---------------------+---------------------------+-------------------+------------+------+--------------+--------------------------------------------+------------------+--------------+
; |IMAGE_SENSOR_SIM             ; 161 (76)            ; 104 (47)                  ; 0                 ; 0          ; 134  ; 0            ; |IMAGE_SENSOR_SIM                          ; IMAGE_SENSOR_SIM ; work         ;
;    |count_n_modul:cnt_pix_IS| ; 50 (50)             ; 25 (25)                   ; 0                 ; 0          ; 0    ; 0            ; |IMAGE_SENSOR_SIM|count_n_modul:cnt_pix_IS ; count_n_modul    ; work         ;
;    |count_n_modul:cnt_str|    ; 31 (31)             ; 24 (24)                   ; 0                 ; 0          ; 0    ; 0            ; |IMAGE_SENSOR_SIM|count_n_modul:cnt_str    ; count_n_modul    ; work         ;
;    |count_n_modul:div_clk_q|  ; 4 (4)               ; 8 (8)                     ; 0                 ; 0          ; 0    ; 0            ; |IMAGE_SENSOR_SIM|count_n_modul:div_clk_q  ; count_n_modul    ; work         ;
+-------------------------------+---------------------+---------------------------+-------------------+------------+------+--------------+--------------------------------------------+------------------+--------------+
Note: For table entries with two numbers listed, the numbers in parentheses indicate the number of resources of the given type used by the specific entity alone. The numbers listed outside of parentheses indicate the total resources of the given type used by the specific entity and all of its sub-entities in the hierarchy.


+------------------------------------------------------------+
; Registers Removed During Synthesis                         ;
+---------------------------------------+--------------------+
; Register name                         ; Reason for Removal ;
+---------------------------------------+--------------------+
; count_n_modul:div_clk_q|qint[4..7]    ; Lost fanout        ;
; Total Number of Removed Registers = 4 ;                    ;
+---------------------------------------+--------------------+


+------------------------------------------------------+
; General Register Statistics                          ;
+----------------------------------------------+-------+
; Statistic                                    ; Value ;
+----------------------------------------------+-------+
; Total registers                              ; 104   ;
; Number of registers using Synchronous Clear  ; 25    ;
; Number of registers using Synchronous Load   ; 0     ;
; Number of registers using Asynchronous Clear ; 28    ;
; Number of registers using Asynchronous Load  ; 0     ;
; Number of registers using Clock Enable       ; 61    ;
; Number of registers using Preset             ; 0     ;
+----------------------------------------------+-------+


+--------------------------------------------------------------------------------------------------------------------------------------------------+
; Multiplexer Restructuring Statistics (Restructuring Performed)                                                                                   ;
+--------------------+-----------+---------------+----------------------+------------------------+------------+------------------------------------+
; Multiplexer Inputs ; Bus Width ; Baseline Area ; Area if Restructured ; Saving if Restructured ; Registered ; Example Multiplexer Output         ;
+--------------------+-----------+---------------+----------------------+------------------------+------------+------------------------------------+
; 6:1                ; 2 bits    ; 8 LEs         ; 4 LEs                ; 4 LEs                  ; Yes        ; |IMAGE_SENSOR_SIM|START_PIX_in[11] ;
; 6:1                ; 2 bits    ; 8 LEs         ; 4 LEs                ; 4 LEs                  ; Yes        ; |IMAGE_SENSOR_SIM|START_PIX_in[10] ;
; 7:1                ; 2 bits    ; 8 LEs         ; 4 LEs                ; 4 LEs                  ; Yes        ; |IMAGE_SENSOR_SIM|START_PIX_in[9]  ;
; 7:1                ; 18 bits   ; 72 LEs        ; 36 LEs               ; 36 LEs                 ; Yes        ; |IMAGE_SENSOR_SIM|START_PIX_in[1]  ;
+--------------------+-----------+---------------+----------------------+------------------------+------------+------------------------------------+


+----------------------------------------------------------------------------------+
; Parameter Settings for User Entity Instance: Top-level Entity: |IMAGE_SENSOR_SIM ;
+--------------------+-------+-----------------------------------------------------+
; Parameter Name     ; Value ; Type                                                ;
+--------------------+-------+-----------------------------------------------------+
; bit_data_imx       ; 10    ; Signed Integer                                      ;
; bit_strok          ; 12    ; Signed Integer                                      ;
; bit_pix            ; 12    ; Signed Integer                                      ;
; bit_frame          ; 8     ; Signed Integer                                      ;
; Address_cell_width ; 24    ; Signed Integer                                      ;
; Address_width      ; 20    ; Signed Integer                                      ;
; Separating_width   ; 8     ; Signed Integer                                      ;
+--------------------+-------+-----------------------------------------------------+
Note: In order to hide this table in the UI and the text report file, please set the "Show Parameter Settings in Synthesis Report" option in "Analysis and Synthesis Settings -> More Settings" to "Off".


+----------------------------------------------------------------------+
; Parameter Settings for User Entity Instance: count_n_modul:div_clk_q ;
+----------------+-------+---------------------------------------------+
; Parameter Name ; Value ; Type                                        ;
+----------------+-------+---------------------------------------------+
; n              ; 8     ; Signed Integer                              ;
+----------------+-------+---------------------------------------------+
Note: In order to hide this table in the UI and the text report file, please set the "Show Parameter Settings in Synthesis Report" option in "Analysis and Synthesis Settings -> More Settings" to "Off".


+-----------------------------------------------------------------------+
; Parameter Settings for User Entity Instance: count_n_modul:cnt_pix_IS ;
+----------------+-------+----------------------------------------------+
; Parameter Name ; Value ; Type                                         ;
+----------------+-------+----------------------------------------------+
; n              ; 12    ; Signed Integer                               ;
+----------------+-------+----------------------------------------------+
Note: In order to hide this table in the UI and the text report file, please set the "Show Parameter Settings in Synthesis Report" option in "Analysis and Synthesis Settings -> More Settings" to "Off".


+--------------------------------------------------------------------+
; Parameter Settings for User Entity Instance: count_n_modul:cnt_str ;
+----------------+-------+-------------------------------------------+
; Parameter Name ; Value ; Type                                      ;
+----------------+-------+-------------------------------------------+
; n              ; 12    ; Signed Integer                            ;
+----------------+-------+-------------------------------------------+
Note: In order to hide this table in the UI and the text report file, please set the "Show Parameter Settings in Synthesis Report" option in "Analysis and Synthesis Settings -> More Settings" to "Off".


+---------------------------------------------------------------------------+
; Parameter Settings for User Entity Instance: count_n_modul:div_CLK_fast_q ;
+----------------+-------+--------------------------------------------------+
; Parameter Name ; Value ; Type                                             ;
+----------------+-------+--------------------------------------------------+
; n              ; 8     ; Signed Integer                                   ;
+----------------+-------+--------------------------------------------------+
Note: In order to hide this table in the UI and the text report file, please set the "Show Parameter Settings in Synthesis Report" option in "Analysis and Synthesis Settings -> More Settings" to "Off".


+----------------------------------------------------------------------------------+
; Parameter Settings for User Entity Instance: Working_with_Memory:Write_from_file ;
+--------------------+--------------------+----------------------------------------+
; Parameter Name     ; Value              ; Type                                   ;
+--------------------+--------------------+----------------------------------------+
; bit_pix            ; 12                 ; Signed Integer                         ;
; bit_strok          ; 12                 ; Signed Integer                         ;
; address_cell_width ; 24                 ; Signed Integer                         ;
; address_width      ; 20                 ; Signed Integer                         ;
; separating_width   ; 8                  ; Signed Integer                         ;
; image_file_name    ; HOUSE_IN_BINAR.TXT ; String                                 ;
+--------------------+--------------------+----------------------------------------+
Note: In order to hide this table in the UI and the text report file, please set the "Show Parameter Settings in Synthesis Report" option in "Analysis and Synthesis Settings -> More Settings" to "Off".


+---------------------------------------------------------------------------------------------------------------+
; Parameter Settings for User Entity Instance: Working_with_Memory:Write_from_file|count_n_modul:Count_mem_read ;
+----------------+-------+--------------------------------------------------------------------------------------+
; Parameter Name ; Value ; Type                                                                                 ;
+----------------+-------+--------------------------------------------------------------------------------------+
; n              ; 20    ; Signed Integer                                                                       ;
+----------------+-------+--------------------------------------------------------------------------------------+
Note: In order to hide this table in the UI and the text report file, please set the "Show Parameter Settings in Synthesis Report" option in "Analysis and Synthesis Settings -> More Settings" to "Off".


+----------------------------------------------------------------------------------------------------------------+
; Parameter Settings for User Entity Instance: Working_with_Memory:Write_from_file|count_n_modul:Count_mem_write ;
+----------------+-------+---------------------------------------------------------------------------------------+
; Parameter Name ; Value ; Type                                                                                  ;
+----------------+-------+---------------------------------------------------------------------------------------+
; n              ; 20    ; Signed Integer                                                                        ;
+----------------+-------+---------------------------------------------------------------------------------------+
Note: In order to hide this table in the UI and the text report file, please set the "Show Parameter Settings in Synthesis Report" option in "Analysis and Synthesis Settings -> More Settings" to "Off".


+----------------------------------------------------------------------------+
; Parameter Settings for User Entity Instance: Write_to_file:Writing_in_file ;
+------------------+-------+-------------------------------------------------+
; Parameter Name   ; Value ; Type                                            ;
+------------------+-------+-------------------------------------------------+
; separating_width ; 8     ; Signed Integer                                  ;
+------------------+-------+-------------------------------------------------+
Note: In order to hide this table in the UI and the text report file, please set the "Show Parameter Settings in Synthesis Report" option in "Analysis and Synthesis Settings -> More Settings" to "Off".


+-----------------------------------------------------------------------------------------------------------------+
; Port Connectivity Checks: "Working_with_Memory:Write_from_file|count_n_modul:Count_mem_write"                   ;
+-------+--------+----------+-------------------------------------------------------------------------------------+
; Port  ; Type   ; Severity ; Details                                                                             ;
+-------+--------+----------+-------------------------------------------------------------------------------------+
; reset ; Input  ; Info     ; Stuck at GND                                                                        ;
; qout  ; Output ; Info     ; Connected to dangling logic. Logic that only feeds a dangling port will be removed. ;
; cout  ; Output ; Info     ; Connected to dangling logic. Logic that only feeds a dangling port will be removed. ;
+-------+--------+----------+-------------------------------------------------------------------------------------+


+-----------------------------------------------------------------------------------------------------------------+
; Port Connectivity Checks: "Working_with_Memory:Write_from_file|count_n_modul:Count_mem_read"                    ;
+-------+--------+----------+-------------------------------------------------------------------------------------+
; Port  ; Type   ; Severity ; Details                                                                             ;
+-------+--------+----------+-------------------------------------------------------------------------------------+
; reset ; Input  ; Info     ; Stuck at GND                                                                        ;
; qout  ; Output ; Info     ; Connected to dangling logic. Logic that only feeds a dangling port will be removed. ;
+-------+--------+----------+-------------------------------------------------------------------------------------+


+-----------------------------------------------------------------------------------------------------------------+
; Port Connectivity Checks: "count_n_modul:div_CLK_fast_q"                                                        ;
+-------+--------+----------+-------------------------------------------------------------------------------------+
; Port  ; Type   ; Severity ; Details                                                                             ;
+-------+--------+----------+-------------------------------------------------------------------------------------+
; modul ; Input  ; Info     ; Stuck at GND                                                                        ;
; qout  ; Output ; Info     ; Connected to dangling logic. Logic that only feeds a dangling port will be removed. ;
; cout  ; Output ; Info     ; Connected to dangling logic. Logic that only feeds a dangling port will be removed. ;
+-------+--------+----------+-------------------------------------------------------------------------------------+


+----------------------------------------------------------------------------------------------------------------+
; Port Connectivity Checks: "count_n_modul:cnt_str"                                                              ;
+------+--------+----------+-------------------------------------------------------------------------------------+
; Port ; Type   ; Severity ; Details                                                                             ;
+------+--------+----------+-------------------------------------------------------------------------------------+
; cout ; Output ; Info     ; Connected to dangling logic. Logic that only feeds a dangling port will be removed. ;
+------+--------+----------+-------------------------------------------------------------------------------------+


+----------------------------------------------------------------------------------------------------------------------+
; Port Connectivity Checks: "count_n_modul:div_clk_q"                                                                  ;
+------------+--------+----------+-------------------------------------------------------------------------------------+
; Port       ; Type   ; Severity ; Details                                                                             ;
+------------+--------+----------+-------------------------------------------------------------------------------------+
; modul      ; Input  ; Info     ; Stuck at GND                                                                        ;
; qout[7..4] ; Output ; Info     ; Connected to dangling logic. Logic that only feeds a dangling port will be removed. ;
; cout       ; Output ; Info     ; Connected to dangling logic. Logic that only feeds a dangling port will be removed. ;
+------------+--------+----------+-------------------------------------------------------------------------------------+


+-----------------------------------------------------+
; Post-Synthesis Netlist Statistics for Top Partition ;
+-----------------------+-----------------------------+
; Type                  ; Count                       ;
+-----------------------+-----------------------------+
; arriav_ff             ; 104                         ;
;     ENA               ; 32                          ;
;     ENA CLR           ; 4                           ;
;     ENA CLR SCLR      ; 24                          ;
;     ENA SCLR          ; 1                           ;
;     plain             ; 43                          ;
; arriav_lcell_comb     ; 162                         ;
;     arith             ; 77                          ;
;         0 data inputs ; 4                           ;
;         1 data inputs ; 71                          ;
;         2 data inputs ; 2                           ;
;     normal            ; 85                          ;
;         0 data inputs ; 1                           ;
;         1 data inputs ; 2                           ;
;         2 data inputs ; 13                          ;
;         3 data inputs ; 4                           ;
;         4 data inputs ; 11                          ;
;         5 data inputs ; 7                           ;
;         6 data inputs ; 47                          ;
; boundary_port         ; 134                         ;
;                       ;                             ;
; Max LUT depth         ; 4.70                        ;
; Average LUT depth     ; 2.70                        ;
+-----------------------+-----------------------------+


+-------------------------------+
; Elapsed Time Per Partition    ;
+----------------+--------------+
; Partition Name ; Elapsed Time ;
+----------------+--------------+
; Top            ; 00:00:01     ;
+----------------+--------------+


+-------------------------------+
; Analysis & Synthesis Messages ;
+-------------------------------+
Info: *******************************************************************
Info: Running Quartus Prime Analysis & Synthesis
    Info: Version 18.1.0 Build 625 09/12/2018 SJ Lite Edition
    Info: Processing started: Tue Oct 08 18:02:59 2019
Info: Command: quartus_map --read_settings_files=on --write_settings_files=off RGB -c RGB
Warning (18236): Number of processors has not been specified which may cause overloading on shared machines.  Set the global assignment NUM_PARALLEL_PROCESSORS in your QSF to an appropriate value for best performance.
Info (20030): Parallel compilation is enabled and will use 2 of the 2 processors detected
Info (12021): Found 2 design units, including 1 entities, in source file write_to_file.vhd
    Info (12022): Found design unit 1: Write_to_file-Arch File: C:/Users/Ruslan/Desktop/08.10.19/RGB(TEST)/WRITE_TO_FILE.vhd Line: 19
    Info (12023): Found entity 1: Write_to_file File: C:/Users/Ruslan/Desktop/08.10.19/RGB(TEST)/WRITE_TO_FILE.vhd Line: 6
Info (12021): Found 2 design units, including 1 entities, in source file working_with_memory.vhd
    Info (12022): Found design unit 1: Working_with_Memory-behavioral File: C:/Users/Ruslan/Desktop/08.10.19/RGB(TEST)/Working_with_memory.vhd Line: 28
    Info (12023): Found entity 1: Working_with_Memory File: C:/Users/Ruslan/Desktop/08.10.19/RGB(TEST)/Working_with_memory.vhd Line: 6
Info (12021): Found 2 design units, including 1 entities, in source file image_sensor_sim .vhd
    Info (12022): Found design unit 1: IMAGE_SENSOR_SIM-beh File: C:/Users/Ruslan/Desktop/08.10.19/RGB(TEST)/IMAGE_SENSOR_SIM .vhd Line: 73
    Info (12023): Found entity 1: IMAGE_SENSOR_SIM File: C:/Users/Ruslan/Desktop/08.10.19/RGB(TEST)/IMAGE_SENSOR_SIM .vhd Line: 22
Info (12021): Found 2 design units, including 1 entities, in source file count_n_modul.vhd
    Info (12022): Found design unit 1: count_n_modul-beh File: C:/Users/Ruslan/Desktop/08.10.19/RGB(TEST)/count_n_modul.vhd Line: 17
    Info (12023): Found entity 1: count_n_modul File: C:/Users/Ruslan/Desktop/08.10.19/RGB(TEST)/count_n_modul.vhd Line: 5
Info (12127): Elaborating entity "IMAGE_SENSOR_SIM" for the top level hierarchy
Warning (10541): VHDL Signal Declaration warning at IMAGE_SENSOR_SIM .vhd(55): used implicit default value for signal "IMX_DDR_VIDEO_CH_0_P" because signal was never assigned a value or an explicit default value. Use of implicit default value may introduce unintended design optimizations. File: C:/Users/Ruslan/Desktop/08.10.19/RGB(TEST)/IMAGE_SENSOR_SIM .vhd Line: 55
Warning (10541): VHDL Signal Declaration warning at IMAGE_SENSOR_SIM .vhd(56): used implicit default value for signal "IMX_DDR_VIDEO_CH_0_N" because signal was never assigned a value or an explicit default value. Use of implicit default value may introduce unintended design optimizations. File: C:/Users/Ruslan/Desktop/08.10.19/RGB(TEST)/IMAGE_SENSOR_SIM .vhd Line: 56
Warning (10541): VHDL Signal Declaration warning at IMAGE_SENSOR_SIM .vhd(57): used implicit default value for signal "IMX_DDR_VIDEO_CH_1_P" because signal was never assigned a value or an explicit default value. Use of implicit default value may introduce unintended design optimizations. File: C:/Users/Ruslan/Desktop/08.10.19/RGB(TEST)/IMAGE_SENSOR_SIM .vhd Line: 57
Warning (10541): VHDL Signal Declaration warning at IMAGE_SENSOR_SIM .vhd(58): used implicit default value for signal "IMX_DDR_VIDEO_CH_1_N" because signal was never assigned a value or an explicit default value. Use of implicit default value may introduce unintended design optimizations. File: C:/Users/Ruslan/Desktop/08.10.19/RGB(TEST)/IMAGE_SENSOR_SIM .vhd Line: 58
Warning (10541): VHDL Signal Declaration warning at IMAGE_SENSOR_SIM .vhd(59): used implicit default value for signal "IMX_DDR_VIDEO_CH_2_P" because signal was never assigned a value or an explicit default value. Use of implicit default value may introduce unintended design optimizations. File: C:/Users/Ruslan/Desktop/08.10.19/RGB(TEST)/IMAGE_SENSOR_SIM .vhd Line: 59
Warning (10541): VHDL Signal Declaration warning at IMAGE_SENSOR_SIM .vhd(60): used implicit default value for signal "IMX_DDR_VIDEO_CH_2_N" because signal was never assigned a value or an explicit default value. Use of implicit default value may introduce unintended design optimizations. File: C:/Users/Ruslan/Desktop/08.10.19/RGB(TEST)/IMAGE_SENSOR_SIM .vhd Line: 60
Warning (10541): VHDL Signal Declaration warning at IMAGE_SENSOR_SIM .vhd(61): used implicit default value for signal "IMX_DDR_VIDEO_CH_3_P" because signal was never assigned a value or an explicit default value. Use of implicit default value may introduce unintended design optimizations. File: C:/Users/Ruslan/Desktop/08.10.19/RGB(TEST)/IMAGE_SENSOR_SIM .vhd Line: 61
Warning (10541): VHDL Signal Declaration warning at IMAGE_SENSOR_SIM .vhd(62): used implicit default value for signal "IMX_DDR_VIDEO_CH_3_N" because signal was never assigned a value or an explicit default value. Use of implicit default value may introduce unintended design optimizations. File: C:/Users/Ruslan/Desktop/08.10.19/RGB(TEST)/IMAGE_SENSOR_SIM .vhd Line: 62
Warning (10541): VHDL Signal Declaration warning at IMAGE_SENSOR_SIM .vhd(64): used implicit default value for signal "IMX_DDR_CLK_P" because signal was never assigned a value or an explicit default value. Use of implicit default value may introduce unintended design optimizations. File: C:/Users/Ruslan/Desktop/08.10.19/RGB(TEST)/IMAGE_SENSOR_SIM .vhd Line: 64
Warning (10541): VHDL Signal Declaration warning at IMAGE_SENSOR_SIM .vhd(65): used implicit default value for signal "IMX_DDR_CLK_N" because signal was never assigned a value or an explicit default value. Use of implicit default value may introduce unintended design optimizations. File: C:/Users/Ruslan/Desktop/08.10.19/RGB(TEST)/IMAGE_SENSOR_SIM .vhd Line: 65
Warning (10541): VHDL Signal Declaration warning at IMAGE_SENSOR_SIM .vhd(66): used implicit default value for signal "DATA_IMX_OUT_R" because signal was never assigned a value or an explicit default value. Use of implicit default value may introduce unintended design optimizations. File: C:/Users/Ruslan/Desktop/08.10.19/RGB(TEST)/IMAGE_SENSOR_SIM .vhd Line: 66
Warning (10541): VHDL Signal Declaration warning at IMAGE_SENSOR_SIM .vhd(67): used implicit default value for signal "DATA_IMX_OUT_G" because signal was never assigned a value or an explicit default value. Use of implicit default value may introduce unintended design optimizations. File: C:/Users/Ruslan/Desktop/08.10.19/RGB(TEST)/IMAGE_SENSOR_SIM .vhd Line: 67
Warning (10541): VHDL Signal Declaration warning at IMAGE_SENSOR_SIM .vhd(68): used implicit default value for signal "DATA_IMX_OUT_B" because signal was never assigned a value or an explicit default value. Use of implicit default value may introduce unintended design optimizations. File: C:/Users/Ruslan/Desktop/08.10.19/RGB(TEST)/IMAGE_SENSOR_SIM .vhd Line: 68
Warning (10541): VHDL Signal Declaration warning at IMAGE_SENSOR_SIM .vhd(69): used implicit default value for signal "DATA_IMX_OUT" because signal was never assigned a value or an explicit default value. Use of implicit default value may introduce unintended design optimizations. File: C:/Users/Ruslan/Desktop/08.10.19/RGB(TEST)/IMAGE_SENSOR_SIM .vhd Line: 69
Warning (10036): Verilog HDL or VHDL warning at IMAGE_SENSOR_SIM .vhd(125): object "ena_kadr_cnt" assigned a value but never read File: C:/Users/Ruslan/Desktop/08.10.19/RGB(TEST)/IMAGE_SENSOR_SIM .vhd Line: 125
Warning (10036): Verilog HDL or VHDL warning at IMAGE_SENSOR_SIM .vhd(127): object "ena_pix_total_cnt" assigned a value but never read File: C:/Users/Ruslan/Desktop/08.10.19/RGB(TEST)/IMAGE_SENSOR_SIM .vhd Line: 127
Warning (10036): Verilog HDL or VHDL warning at IMAGE_SENSOR_SIM .vhd(165): object "data_imx_video" assigned a value but never read File: C:/Users/Ruslan/Desktop/08.10.19/RGB(TEST)/IMAGE_SENSOR_SIM .vhd Line: 165
Warning (10036): Verilog HDL or VHDL warning at IMAGE_SENSOR_SIM .vhd(167): object "DATA_IMX_OUT_in" assigned a value but never read File: C:/Users/Ruslan/Desktop/08.10.19/RGB(TEST)/IMAGE_SENSOR_SIM .vhd Line: 167
Warning (10541): VHDL Signal Declaration warning at IMAGE_SENSOR_SIM .vhd(168): used implicit default value for signal "IMX_DDR_VIDEO_in" because signal was never assigned a value or an explicit default value. Use of implicit default value may introduce unintended design optimizations. File: C:/Users/Ruslan/Desktop/08.10.19/RGB(TEST)/IMAGE_SENSOR_SIM .vhd Line: 168
Warning (10036): Verilog HDL or VHDL warning at IMAGE_SENSOR_SIM .vhd(169): object "IMX_DDR_CLK_in" assigned a value but never read File: C:/Users/Ruslan/Desktop/08.10.19/RGB(TEST)/IMAGE_SENSOR_SIM .vhd Line: 169
Warning (10541): VHDL Signal Declaration warning at IMAGE_SENSOR_SIM .vhd(190): used implicit default value for signal "q_load_ddr_video_imx" because signal was never assigned a value or an explicit default value. Use of implicit default value may introduce unintended design optimizations. File: C:/Users/Ruslan/Desktop/08.10.19/RGB(TEST)/IMAGE_SENSOR_SIM .vhd Line: 190
Warning (10036): Verilog HDL or VHDL warning at IMAGE_SENSOR_SIM .vhd(203): object "ena_CLK_fast" assigned a value but never read File: C:/Users/Ruslan/Desktop/08.10.19/RGB(TEST)/IMAGE_SENSOR_SIM .vhd Line: 203
Warning (10036): Verilog HDL or VHDL warning at IMAGE_SENSOR_SIM .vhd(207): object "ena_CLK_fast_x16_in" assigned a value but never read File: C:/Users/Ruslan/Desktop/08.10.19/RGB(TEST)/IMAGE_SENSOR_SIM .vhd Line: 207
Warning (10036): Verilog HDL or VHDL warning at IMAGE_SENSOR_SIM .vhd(209): object "IMX_DDR_VIDEO_in_b" assigned a value but never read File: C:/Users/Ruslan/Desktop/08.10.19/RGB(TEST)/IMAGE_SENSOR_SIM .vhd Line: 209
Warning (10873): Using initial value X (don't care) for net "IMX_DDR_CLK" at IMAGE_SENSOR_SIM .vhd(63) File: C:/Users/Ruslan/Desktop/08.10.19/RGB(TEST)/IMAGE_SENSOR_SIM .vhd Line: 63
Info (12128): Elaborating entity "count_n_modul" for hierarchy "count_n_modul:div_clk_q" File: C:/Users/Ruslan/Desktop/08.10.19/RGB(TEST)/IMAGE_SENSOR_SIM .vhd Line: 284
Info (12128): Elaborating entity "count_n_modul" for hierarchy "count_n_modul:cnt_pix_IS" File: C:/Users/Ruslan/Desktop/08.10.19/RGB(TEST)/IMAGE_SENSOR_SIM .vhd Line: 333
Info (12128): Elaborating entity "Working_with_Memory" for hierarchy "Working_with_Memory:Write_from_file" File: C:/Users/Ruslan/Desktop/08.10.19/RGB(TEST)/IMAGE_SENSOR_SIM .vhd Line: 576
Warning (10030): Net "RAM.data_a" at Working_with_memory.vhd(47) has no driver or initial value, using a default initial value '0' File: C:/Users/Ruslan/Desktop/08.10.19/RGB(TEST)/Working_with_memory.vhd Line: 47
Warning (10030): Net "RAM.waddr_a" at Working_with_memory.vhd(47) has no driver or initial value, using a default initial value '0' File: C:/Users/Ruslan/Desktop/08.10.19/RGB(TEST)/Working_with_memory.vhd Line: 47
Warning (10030): Net "RAM.we_a" at Working_with_memory.vhd(47) has no driver or initial value, using a default initial value '0' File: C:/Users/Ruslan/Desktop/08.10.19/RGB(TEST)/Working_with_memory.vhd Line: 47
Info (12128): Elaborating entity "count_n_modul" for hierarchy "Working_with_Memory:Write_from_file|count_n_modul:Count_mem_read" File: C:/Users/Ruslan/Desktop/08.10.19/RGB(TEST)/Working_with_memory.vhd Line: 81
Info (12128): Elaborating entity "Write_to_file" for hierarchy "Write_to_file:Writing_in_file" File: C:/Users/Ruslan/Desktop/08.10.19/RGB(TEST)/IMAGE_SENSOR_SIM .vhd Line: 599
Warning (10542): VHDL Variable Declaration warning at syn_textio_vhdl1993.vhd(213): used initial value expression for variable "m" because variable was never assigned a value File: c:/intelfpga_lite/18.1/quartus/libraries/vhdl/synopsys/ieee/1993/syn_textio_vhdl1993.vhd Line: 213
Warning (13024): Output pins are stuck at VCC or GND
    Warning (13410): Pin "IMX_DDR_VIDEO" is stuck at GND File: C:/Users/Ruslan/Desktop/08.10.19/RGB(TEST)/IMAGE_SENSOR_SIM .vhd Line: 52
    Warning (13410): Pin "IMX_DDR_VIDEO_CH_0_P[0]" is stuck at GND File: C:/Users/Ruslan/Desktop/08.10.19/RGB(TEST)/IMAGE_SENSOR_SIM .vhd Line: 55
    Warning (13410): Pin "IMX_DDR_VIDEO_CH_0_N[0]" is stuck at GND File: C:/Users/Ruslan/Desktop/08.10.19/RGB(TEST)/IMAGE_SENSOR_SIM .vhd Line: 56
    Warning (13410): Pin "IMX_DDR_VIDEO_CH_1_P[0]" is stuck at GND File: C:/Users/Ruslan/Desktop/08.10.19/RGB(TEST)/IMAGE_SENSOR_SIM .vhd Line: 57
    Warning (13410): Pin "IMX_DDR_VIDEO_CH_1_N[0]" is stuck at GND File: C:/Users/Ruslan/Desktop/08.10.19/RGB(TEST)/IMAGE_SENSOR_SIM .vhd Line: 58
    Warning (13410): Pin "IMX_DDR_VIDEO_CH_2_P[0]" is stuck at GND File: C:/Users/Ruslan/Desktop/08.10.19/RGB(TEST)/IMAGE_SENSOR_SIM .vhd Line: 59
    Warning (13410): Pin "IMX_DDR_VIDEO_CH_2_N[0]" is stuck at GND File: C:/Users/Ruslan/Desktop/08.10.19/RGB(TEST)/IMAGE_SENSOR_SIM .vhd Line: 60
    Warning (13410): Pin "IMX_DDR_VIDEO_CH_3_P[0]" is stuck at GND File: C:/Users/Ruslan/Desktop/08.10.19/RGB(TEST)/IMAGE_SENSOR_SIM .vhd Line: 61
    Warning (13410): Pin "IMX_DDR_VIDEO_CH_3_N[0]" is stuck at GND File: C:/Users/Ruslan/Desktop/08.10.19/RGB(TEST)/IMAGE_SENSOR_SIM .vhd Line: 62
    Warning (13410): Pin "IMX_DDR_CLK" is stuck at GND File: C:/Users/Ruslan/Desktop/08.10.19/RGB(TEST)/IMAGE_SENSOR_SIM .vhd Line: 63
    Warning (13410): Pin "IMX_DDR_CLK_P[0]" is stuck at GND File: C:/Users/Ruslan/Desktop/08.10.19/RGB(TEST)/IMAGE_SENSOR_SIM .vhd Line: 64
    Warning (13410): Pin "IMX_DDR_CLK_N[0]" is stuck at GND File: C:/Users/Ruslan/Desktop/08.10.19/RGB(TEST)/IMAGE_SENSOR_SIM .vhd Line: 65
    Warning (13410): Pin "DATA_IMX_OUT_R[0]" is stuck at GND File: C:/Users/Ruslan/Desktop/08.10.19/RGB(TEST)/IMAGE_SENSOR_SIM .vhd Line: 66
    Warning (13410): Pin "DATA_IMX_OUT_R[1]" is stuck at GND File: C:/Users/Ruslan/Desktop/08.10.19/RGB(TEST)/IMAGE_SENSOR_SIM .vhd Line: 66
    Warning (13410): Pin "DATA_IMX_OUT_R[2]" is stuck at GND File: C:/Users/Ruslan/Desktop/08.10.19/RGB(TEST)/IMAGE_SENSOR_SIM .vhd Line: 66
    Warning (13410): Pin "DATA_IMX_OUT_R[3]" is stuck at GND File: C:/Users/Ruslan/Desktop/08.10.19/RGB(TEST)/IMAGE_SENSOR_SIM .vhd Line: 66
    Warning (13410): Pin "DATA_IMX_OUT_R[4]" is stuck at GND File: C:/Users/Ruslan/Desktop/08.10.19/RGB(TEST)/IMAGE_SENSOR_SIM .vhd Line: 66
    Warning (13410): Pin "DATA_IMX_OUT_R[5]" is stuck at GND File: C:/Users/Ruslan/Desktop/08.10.19/RGB(TEST)/IMAGE_SENSOR_SIM .vhd Line: 66
    Warning (13410): Pin "DATA_IMX_OUT_R[6]" is stuck at GND File: C:/Users/Ruslan/Desktop/08.10.19/RGB(TEST)/IMAGE_SENSOR_SIM .vhd Line: 66
    Warning (13410): Pin "DATA_IMX_OUT_R[7]" is stuck at GND File: C:/Users/Ruslan/Desktop/08.10.19/RGB(TEST)/IMAGE_SENSOR_SIM .vhd Line: 66
    Warning (13410): Pin "DATA_IMX_OUT_G[0]" is stuck at GND File: C:/Users/Ruslan/Desktop/08.10.19/RGB(TEST)/IMAGE_SENSOR_SIM .vhd Line: 67
    Warning (13410): Pin "DATA_IMX_OUT_G[1]" is stuck at GND File: C:/Users/Ruslan/Desktop/08.10.19/RGB(TEST)/IMAGE_SENSOR_SIM .vhd Line: 67
    Warning (13410): Pin "DATA_IMX_OUT_G[2]" is stuck at GND File: C:/Users/Ruslan/Desktop/08.10.19/RGB(TEST)/IMAGE_SENSOR_SIM .vhd Line: 67
    Warning (13410): Pin "DATA_IMX_OUT_G[3]" is stuck at GND File: C:/Users/Ruslan/Desktop/08.10.19/RGB(TEST)/IMAGE_SENSOR_SIM .vhd Line: 67
    Warning (13410): Pin "DATA_IMX_OUT_G[4]" is stuck at GND File: C:/Users/Ruslan/Desktop/08.10.19/RGB(TEST)/IMAGE_SENSOR_SIM .vhd Line: 67
    Warning (13410): Pin "DATA_IMX_OUT_G[5]" is stuck at GND File: C:/Users/Ruslan/Desktop/08.10.19/RGB(TEST)/IMAGE_SENSOR_SIM .vhd Line: 67
    Warning (13410): Pin "DATA_IMX_OUT_G[6]" is stuck at GND File: C:/Users/Ruslan/Desktop/08.10.19/RGB(TEST)/IMAGE_SENSOR_SIM .vhd Line: 67
    Warning (13410): Pin "DATA_IMX_OUT_G[7]" is stuck at GND File: C:/Users/Ruslan/Desktop/08.10.19/RGB(TEST)/IMAGE_SENSOR_SIM .vhd Line: 67
    Warning (13410): Pin "DATA_IMX_OUT_B[0]" is stuck at GND File: C:/Users/Ruslan/Desktop/08.10.19/RGB(TEST)/IMAGE_SENSOR_SIM .vhd Line: 68
    Warning (13410): Pin "DATA_IMX_OUT_B[1]" is stuck at GND File: C:/Users/Ruslan/Desktop/08.10.19/RGB(TEST)/IMAGE_SENSOR_SIM .vhd Line: 68
    Warning (13410): Pin "DATA_IMX_OUT_B[2]" is stuck at GND File: C:/Users/Ruslan/Desktop/08.10.19/RGB(TEST)/IMAGE_SENSOR_SIM .vhd Line: 68
    Warning (13410): Pin "DATA_IMX_OUT_B[3]" is stuck at GND File: C:/Users/Ruslan/Desktop/08.10.19/RGB(TEST)/IMAGE_SENSOR_SIM .vhd Line: 68
    Warning (13410): Pin "DATA_IMX_OUT_B[4]" is stuck at GND File: C:/Users/Ruslan/Desktop/08.10.19/RGB(TEST)/IMAGE_SENSOR_SIM .vhd Line: 68
    Warning (13410): Pin "DATA_IMX_OUT_B[5]" is stuck at GND File: C:/Users/Ruslan/Desktop/08.10.19/RGB(TEST)/IMAGE_SENSOR_SIM .vhd Line: 68
    Warning (13410): Pin "DATA_IMX_OUT_B[6]" is stuck at GND File: C:/Users/Ruslan/Desktop/08.10.19/RGB(TEST)/IMAGE_SENSOR_SIM .vhd Line: 68
    Warning (13410): Pin "DATA_IMX_OUT_B[7]" is stuck at GND File: C:/Users/Ruslan/Desktop/08.10.19/RGB(TEST)/IMAGE_SENSOR_SIM .vhd Line: 68
    Warning (13410): Pin "DATA_IMX_OUT[0]" is stuck at GND File: C:/Users/Ruslan/Desktop/08.10.19/RGB(TEST)/IMAGE_SENSOR_SIM .vhd Line: 69
    Warning (13410): Pin "DATA_IMX_OUT[1]" is stuck at GND File: C:/Users/Ruslan/Desktop/08.10.19/RGB(TEST)/IMAGE_SENSOR_SIM .vhd Line: 69
    Warning (13410): Pin "DATA_IMX_OUT[2]" is stuck at GND File: C:/Users/Ruslan/Desktop/08.10.19/RGB(TEST)/IMAGE_SENSOR_SIM .vhd Line: 69
    Warning (13410): Pin "DATA_IMX_OUT[3]" is stuck at GND File: C:/Users/Ruslan/Desktop/08.10.19/RGB(TEST)/IMAGE_SENSOR_SIM .vhd Line: 69
    Warning (13410): Pin "DATA_IMX_OUT[4]" is stuck at GND File: C:/Users/Ruslan/Desktop/08.10.19/RGB(TEST)/IMAGE_SENSOR_SIM .vhd Line: 69
    Warning (13410): Pin "DATA_IMX_OUT[5]" is stuck at GND File: C:/Users/Ruslan/Desktop/08.10.19/RGB(TEST)/IMAGE_SENSOR_SIM .vhd Line: 69
    Warning (13410): Pin "DATA_IMX_OUT[6]" is stuck at GND File: C:/Users/Ruslan/Desktop/08.10.19/RGB(TEST)/IMAGE_SENSOR_SIM .vhd Line: 69
    Warning (13410): Pin "DATA_IMX_OUT[7]" is stuck at GND File: C:/Users/Ruslan/Desktop/08.10.19/RGB(TEST)/IMAGE_SENSOR_SIM .vhd Line: 69
    Warning (13410): Pin "DATA_IMX_OUT[8]" is stuck at GND File: C:/Users/Ruslan/Desktop/08.10.19/RGB(TEST)/IMAGE_SENSOR_SIM .vhd Line: 69
    Warning (13410): Pin "DATA_IMX_OUT[9]" is stuck at GND File: C:/Users/Ruslan/Desktop/08.10.19/RGB(TEST)/IMAGE_SENSOR_SIM .vhd Line: 69
Info (286030): Timing-Driven Synthesis is running
Info (17049): 4 registers lost all their fanouts during netlist optimizations.
Info (16010): Generating hard_block partition "hard_block:auto_generated_inst"
    Info (16011): Adding 0 node(s), including 0 DDIO, 0 PLL, 0 transceiver and 0 LCELL
Warning (21074): Design contains 41 input pin(s) that do not drive logic
    Warning (15610): No output dependent on input pin "CLK_fast" File: C:/Users/Ruslan/Desktop/08.10.19/RGB(TEST)/IMAGE_SENSOR_SIM .vhd Line: 37
    Warning (15610): No output dependent on input pin "mode_IMAGE_SENSOR[4]" File: C:/Users/Ruslan/Desktop/08.10.19/RGB(TEST)/IMAGE_SENSOR_SIM .vhd Line: 40
    Warning (15610): No output dependent on input pin "mode_IMAGE_SENSOR[5]" File: C:/Users/Ruslan/Desktop/08.10.19/RGB(TEST)/IMAGE_SENSOR_SIM .vhd Line: 40
    Warning (15610): No output dependent on input pin "mode_IMAGE_SENSOR[6]" File: C:/Users/Ruslan/Desktop/08.10.19/RGB(TEST)/IMAGE_SENSOR_SIM .vhd Line: 40
    Warning (15610): No output dependent on input pin "mode_IMAGE_SENSOR[7]" File: C:/Users/Ruslan/Desktop/08.10.19/RGB(TEST)/IMAGE_SENSOR_SIM .vhd Line: 40
    Warning (15610): No output dependent on input pin "START_STR[0]" File: C:/Users/Ruslan/Desktop/08.10.19/RGB(TEST)/IMAGE_SENSOR_SIM .vhd Line: 43
    Warning (15610): No output dependent on input pin "START_STR[1]" File: C:/Users/Ruslan/Desktop/08.10.19/RGB(TEST)/IMAGE_SENSOR_SIM .vhd Line: 43
    Warning (15610): No output dependent on input pin "START_STR[2]" File: C:/Users/Ruslan/Desktop/08.10.19/RGB(TEST)/IMAGE_SENSOR_SIM .vhd Line: 43
    Warning (15610): No output dependent on input pin "START_STR[3]" File: C:/Users/Ruslan/Desktop/08.10.19/RGB(TEST)/IMAGE_SENSOR_SIM .vhd Line: 43
    Warning (15610): No output dependent on input pin "START_STR[4]" File: C:/Users/Ruslan/Desktop/08.10.19/RGB(TEST)/IMAGE_SENSOR_SIM .vhd Line: 43
    Warning (15610): No output dependent on input pin "START_STR[5]" File: C:/Users/Ruslan/Desktop/08.10.19/RGB(TEST)/IMAGE_SENSOR_SIM .vhd Line: 43
    Warning (15610): No output dependent on input pin "START_STR[6]" File: C:/Users/Ruslan/Desktop/08.10.19/RGB(TEST)/IMAGE_SENSOR_SIM .vhd Line: 43
    Warning (15610): No output dependent on input pin "START_STR[7]" File: C:/Users/Ruslan/Desktop/08.10.19/RGB(TEST)/IMAGE_SENSOR_SIM .vhd Line: 43
    Warning (15610): No output dependent on input pin "START_STR[8]" File: C:/Users/Ruslan/Desktop/08.10.19/RGB(TEST)/IMAGE_SENSOR_SIM .vhd Line: 43
    Warning (15610): No output dependent on input pin "START_STR[9]" File: C:/Users/Ruslan/Desktop/08.10.19/RGB(TEST)/IMAGE_SENSOR_SIM .vhd Line: 43
    Warning (15610): No output dependent on input pin "START_STR[10]" File: C:/Users/Ruslan/Desktop/08.10.19/RGB(TEST)/IMAGE_SENSOR_SIM .vhd Line: 43
    Warning (15610): No output dependent on input pin "START_STR[11]" File: C:/Users/Ruslan/Desktop/08.10.19/RGB(TEST)/IMAGE_SENSOR_SIM .vhd Line: 43
    Warning (15610): No output dependent on input pin "active_pix[0]" File: C:/Users/Ruslan/Desktop/08.10.19/RGB(TEST)/IMAGE_SENSOR_SIM .vhd Line: 45
    Warning (15610): No output dependent on input pin "active_pix[1]" File: C:/Users/Ruslan/Desktop/08.10.19/RGB(TEST)/IMAGE_SENSOR_SIM .vhd Line: 45
    Warning (15610): No output dependent on input pin "active_pix[2]" File: C:/Users/Ruslan/Desktop/08.10.19/RGB(TEST)/IMAGE_SENSOR_SIM .vhd Line: 45
    Warning (15610): No output dependent on input pin "active_pix[3]" File: C:/Users/Ruslan/Desktop/08.10.19/RGB(TEST)/IMAGE_SENSOR_SIM .vhd Line: 45
    Warning (15610): No output dependent on input pin "active_pix[4]" File: C:/Users/Ruslan/Desktop/08.10.19/RGB(TEST)/IMAGE_SENSOR_SIM .vhd Line: 45
    Warning (15610): No output dependent on input pin "active_pix[5]" File: C:/Users/Ruslan/Desktop/08.10.19/RGB(TEST)/IMAGE_SENSOR_SIM .vhd Line: 45
    Warning (15610): No output dependent on input pin "active_pix[6]" File: C:/Users/Ruslan/Desktop/08.10.19/RGB(TEST)/IMAGE_SENSOR_SIM .vhd Line: 45
    Warning (15610): No output dependent on input pin "active_pix[7]" File: C:/Users/Ruslan/Desktop/08.10.19/RGB(TEST)/IMAGE_SENSOR_SIM .vhd Line: 45
    Warning (15610): No output dependent on input pin "active_pix[8]" File: C:/Users/Ruslan/Desktop/08.10.19/RGB(TEST)/IMAGE_SENSOR_SIM .vhd Line: 45
    Warning (15610): No output dependent on input pin "active_pix[9]" File: C:/Users/Ruslan/Desktop/08.10.19/RGB(TEST)/IMAGE_SENSOR_SIM .vhd Line: 45
    Warning (15610): No output dependent on input pin "active_pix[10]" File: C:/Users/Ruslan/Desktop/08.10.19/RGB(TEST)/IMAGE_SENSOR_SIM .vhd Line: 45
    Warning (15610): No output dependent on input pin "active_pix[11]" File: C:/Users/Ruslan/Desktop/08.10.19/RGB(TEST)/IMAGE_SENSOR_SIM .vhd Line: 45
    Warning (15610): No output dependent on input pin "active_lin[0]" File: C:/Users/Ruslan/Desktop/08.10.19/RGB(TEST)/IMAGE_SENSOR_SIM .vhd Line: 46
    Warning (15610): No output dependent on input pin "active_lin[1]" File: C:/Users/Ruslan/Desktop/08.10.19/RGB(TEST)/IMAGE_SENSOR_SIM .vhd Line: 46
    Warning (15610): No output dependent on input pin "active_lin[2]" File: C:/Users/Ruslan/Desktop/08.10.19/RGB(TEST)/IMAGE_SENSOR_SIM .vhd Line: 46
    Warning (15610): No output dependent on input pin "active_lin[3]" File: C:/Users/Ruslan/Desktop/08.10.19/RGB(TEST)/IMAGE_SENSOR_SIM .vhd Line: 46
    Warning (15610): No output dependent on input pin "active_lin[4]" File: C:/Users/Ruslan/Desktop/08.10.19/RGB(TEST)/IMAGE_SENSOR_SIM .vhd Line: 46
    Warning (15610): No output dependent on input pin "active_lin[5]" File: C:/Users/Ruslan/Desktop/08.10.19/RGB(TEST)/IMAGE_SENSOR_SIM .vhd Line: 46
    Warning (15610): No output dependent on input pin "active_lin[6]" File: C:/Users/Ruslan/Desktop/08.10.19/RGB(TEST)/IMAGE_SENSOR_SIM .vhd Line: 46
    Warning (15610): No output dependent on input pin "active_lin[7]" File: C:/Users/Ruslan/Desktop/08.10.19/RGB(TEST)/IMAGE_SENSOR_SIM .vhd Line: 46
    Warning (15610): No output dependent on input pin "active_lin[8]" File: C:/Users/Ruslan/Desktop/08.10.19/RGB(TEST)/IMAGE_SENSOR_SIM .vhd Line: 46
    Warning (15610): No output dependent on input pin "active_lin[9]" File: C:/Users/Ruslan/Desktop/08.10.19/RGB(TEST)/IMAGE_SENSOR_SIM .vhd Line: 46
    Warning (15610): No output dependent on input pin "active_lin[10]" File: C:/Users/Ruslan/Desktop/08.10.19/RGB(TEST)/IMAGE_SENSOR_SIM .vhd Line: 46
    Warning (15610): No output dependent on input pin "active_lin[11]" File: C:/Users/Ruslan/Desktop/08.10.19/RGB(TEST)/IMAGE_SENSOR_SIM .vhd Line: 46
Info (21057): Implemented 339 device resources after synthesis - the final resource count might be different
    Info (21058): Implemented 84 input pins
    Info (21059): Implemented 50 output pins
    Info (21061): Implemented 205 logic cells
Info: Quartus Prime Analysis & Synthesis was successful. 0 errors, 119 warnings
    Info: Peak virtual memory: 723 megabytes
    Info: Processing ended: Tue Oct 08 18:04:01 2019
    Info: Elapsed time: 00:01:02
    Info: Total CPU time (on all processors): 00:00:42


