EDA Netlist Writer report for TOP
Thu Sep 05 12:09:41 2019
Quartus Prime Version 18.1.0 Build 625 09/12/2018 SJ Lite Edition


---------------------
; Table of Contents ;
---------------------
  1. Legal Notice
  2. EDA Netlist Writer Summary
  3. EDA Netlist Writer Messages



----------------
; Legal Notice ;
----------------
Copyright (C) 2018  Intel Corporation. All rights reserved.
Your use of Intel Corporation's design tools, logic functions 
and other software and tools, and its AMPP partner logic 
functions, and any output files from any of the foregoing 
(including device programming or simulation files), and any 
associated documentation or information are expressly subject 
to the terms and conditions of the Intel Program License 
Subscription Agreement, the Intel Quartus Prime License Agreement,
the Intel FPGA IP License Agreement, or other applicable license
agreement, including, without limitation, that your use is for
the sole purpose of programming logic devices manufactured by
Intel and sold by Intel or its authorized distributors.  Please
refer to the applicable agreement for further details.



+-------------------------------------------------------------------+
; EDA Netlist Writer Summary                                        ;
+---------------------------+---------------------------------------+
; EDA Netlist Writer Status ; Successful - Thu Sep 05 12:09:41 2019 ;
; Revision Name             ; TOP                                   ;
; Top-level Entity Name     ; IMAGE_SENSOR_SIM                      ;
; Family                    ; Cyclone IV E                          ;
+---------------------------+---------------------------------------+


+-----------------------------+
; EDA Netlist Writer Messages ;
+-----------------------------+
Info: *******************************************************************
Info: Running Quartus Prime EDA Netlist Writer
    Info: Version 18.1.0 Build 625 09/12/2018 SJ Lite Edition
    Info: Processing started: Thu Sep 05 12:09:40 2019
Info: Command: quartus_eda --read_settings_files=on --write_settings_files=off RGB -c TOP --gen_testbench
Info (119004): Automatically selected device EP4CE6F17C6 for design TOP
Info (119005): Fitting design with smaller device may be possible, but smaller device must be specified
Warning (18236): Number of processors has not been specified which may cause overloading on shared machines.  Set the global assignment NUM_PARALLEL_PROCESSORS in your QSF to an appropriate value for best performance.
Info (201002): Generated VHDL Test Bench File C:/Users/Siriy/Desktop/Buffer/RGB(TEST)/simulation/modelsim/IMAGE_SENSOR_SIM.vht for simulation
Info: Quartus Prime EDA Netlist Writer was successful. 0 errors, 1 warning
    Info: Peak virtual memory: 4641 megabytes
    Info: Processing ended: Thu Sep 05 12:09:41 2019
    Info: Elapsed time: 00:00:01
    Info: Total CPU time (on all processors): 00:00:01


